<?xml version="1.0" encoding="UTF-8"?>
<!-- Generated by org.testng.reporters.JUnitXMLReporter -->
<testsuite ignored="0" hostname="ANPL393" failures="0" tests="5" name="Default test" time="21.573" errors="0" timestamp="2026-03-25T12:34:28 IST">
  <testcase classname="testAPI.PricingTest" name="pricingTest" time="14.641"/>
  <testcase classname="testAPI.PricingTest" name="pricingTest" time="14.644"/>
  <testcase classname="testAPI.PricingTest" name="pricingTest" time="16.362"/>
  <testcase classname="testAPI.PricingTest" name="pricingTest" time="16.796"/>
  <testcase classname="testAPI.PricingTest" name="pricingTest" time="20.594"/>
</testsuite> <!-- Default test -->
