<?xml version="1.0" encoding="UTF-8"?>
<!-- Generated by org.testng.reporters.JUnitXMLReporter -->
<testsuite ignored="0" hostname="ANPL393" failures="3" tests="12" name="Default test" time="31.56" errors="0" timestamp="2026-04-21T12:13:05 IST">
  <testcase classname="testAPI.PricingTest" name="pricingTest" time="20.728">
    <failure type="java.lang.AssertionError" message="Expected success but got error response">
      <![CDATA[java.lang.AssertionError: Expected success but got error response
at org.testng.Assert.fail(Assert.java:111)
at validators.PricingValidator.failValidation(PricingValidator.java:54)
at validators.PricingValidator.validateSuccess(PricingValidator.java:18)
at testAPI.PricingTest.pricingTest(PricingTest.java:51)
at java.base/jdk.internal.reflect.NativeMethodAccessorImpl.invoke0(Native Method)
at java.base/jdk.internal.reflect.NativeMethodAccessorImpl.invoke(NativeMethodAccessorImpl.java:77)
at java.base/jdk.internal.reflect.DelegatingMethodAccessorImpl.invoke(DelegatingMethodAccessorImpl.java:43)
at java.base/java.lang.reflect.Method.invoke(Method.java:568)
at org.testng.internal.invokers.MethodInvocationHelper.invokeMethod(MethodInvocationHelper.java:139)
at org.testng.internal.invokers.TestInvoker.invokeMethod(TestInvoker.java:664)
at org.testng.internal.invokers.TestInvoker.invokeTestMethod(TestInvoker.java:228)
at org.testng.internal.invokers.TestMethodWithDataProviderMethodWorker.call(TestMethodWithDataProviderMethodWorker.java:80)
at java.base/java.util.concurrent.CompletableFuture$AsyncSupply.run(CompletableFuture.java:1768)
at java.base/java.util.concurrent.ThreadPoolExecutor.runWorker(ThreadPoolExecutor.java:1136)
at java.base/java.util.concurrent.ThreadPoolExecutor$Worker.run(ThreadPoolExecutor.java:635)
at java.base/java.lang.Thread.run(Thread.java:842)
]]>
    </failure>
  </testcase> <!-- pricingTest -->
  <testcase classname="testAPI.PricingTest" name="pricingTest" time="21.693">
    <failure type="java.lang.AssertionError" message="Expected success but got error response">
      <![CDATA[java.lang.AssertionError: Expected success but got error response
at org.testng.Assert.fail(Assert.java:111)
at validators.PricingValidator.failValidation(PricingValidator.java:54)
at validators.PricingValidator.validateSuccess(PricingValidator.java:18)
at testAPI.PricingTest.pricingTest(PricingTest.java:51)
at java.base/jdk.internal.reflect.NativeMethodAccessorImpl.invoke0(Native Method)
at java.base/jdk.internal.reflect.NativeMethodAccessorImpl.invoke(NativeMethodAccessorImpl.java:77)
at java.base/jdk.internal.reflect.DelegatingMethodAccessorImpl.invoke(DelegatingMethodAccessorImpl.java:43)
at java.base/java.lang.reflect.Method.invoke(Method.java:568)
at org.testng.internal.invokers.MethodInvocationHelper.invokeMethod(MethodInvocationHelper.java:139)
at org.testng.internal.invokers.TestInvoker.invokeMethod(TestInvoker.java:664)
at org.testng.internal.invokers.TestInvoker.invokeTestMethod(TestInvoker.java:228)
at org.testng.internal.invokers.TestMethodWithDataProviderMethodWorker.call(TestMethodWithDataProviderMethodWorker.java:80)
at java.base/java.util.concurrent.CompletableFuture$AsyncSupply.run(CompletableFuture.java:1768)
at java.base/java.util.concurrent.ThreadPoolExecutor.runWorker(ThreadPoolExecutor.java:1136)
at java.base/java.util.concurrent.ThreadPoolExecutor$Worker.run(ThreadPoolExecutor.java:635)
at java.base/java.lang.Thread.run(Thread.java:842)
]]>
    </failure>
  </testcase> <!-- pricingTest -->
  <testcase classname="testAPI.PricingTest" name="pricingTest" time="23.143"/>
  <testcase classname="testAPI.PricingTest" name="pricingTest" time="23.142"/>
  <testcase classname="testAPI.PricingTest" name="pricingTest" time="23.176"/>
  <testcase classname="testAPI.PricingTest" name="pricingTest" time="23.272"/>
  <testcase classname="testAPI.PricingTest" name="pricingTest" time="23.402">
    <failure type="java.lang.AssertionError" message="Expected success but got error response">
      <![CDATA[java.lang.AssertionError: Expected success but got error response
at org.testng.Assert.fail(Assert.java:111)
at validators.PricingValidator.failValidation(PricingValidator.java:54)
at validators.PricingValidator.validateSuccess(PricingValidator.java:18)
at testAPI.PricingTest.pricingTest(PricingTest.java:51)
at java.base/jdk.internal.reflect.NativeMethodAccessorImpl.invoke0(Native Method)
at java.base/jdk.internal.reflect.NativeMethodAccessorImpl.invoke(NativeMethodAccessorImpl.java:77)
at java.base/jdk.internal.reflect.DelegatingMethodAccessorImpl.invoke(DelegatingMethodAccessorImpl.java:43)
at java.base/java.lang.reflect.Method.invoke(Method.java:568)
at org.testng.internal.invokers.MethodInvocationHelper.invokeMethod(MethodInvocationHelper.java:139)
at org.testng.internal.invokers.TestInvoker.invokeMethod(TestInvoker.java:664)
at org.testng.internal.invokers.TestInvoker.invokeTestMethod(TestInvoker.java:228)
at org.testng.internal.invokers.TestMethodWithDataProviderMethodWorker.call(TestMethodWithDataProviderMethodWorker.java:80)
at java.base/java.util.concurrent.CompletableFuture$AsyncSupply.run(CompletableFuture.java:1768)
at java.base/java.util.concurrent.ThreadPoolExecutor.runWorker(ThreadPoolExecutor.java:1136)
at java.base/java.util.concurrent.ThreadPoolExecutor$Worker.run(ThreadPoolExecutor.java:635)
at java.base/java.lang.Thread.run(Thread.java:842)
]]>
    </failure>
  </testcase> <!-- pricingTest -->
  <testcase classname="testAPI.PricingTest" name="pricingTest" time="24.897"/>
  <testcase classname="testAPI.PricingTest" name="pricingTest" time="25.757"/>
  <testcase classname="testAPI.PricingTest" name="pricingTest" time="27.553"/>
  <testcase classname="testAPI.PricingTest" name="pricingTest" time="9.161"/>
  <testcase classname="testAPI.PricingTest" name="pricingTest" time="8.762"/>
</testsuite> <!-- Default test -->
