<?xml version="1.0" encoding="UTF-8"?>
<testng-results ignored="0" total="12" passed="12" failed="0" skipped="0">
  <reporter-output>
  </reporter-output>
  <suite started-at="2026-05-01T15:47:55 IST" name="Default suite" finished-at="2026-05-01T15:48:43 IST" duration-ms="48053">
    <groups>
    </groups>
    <test started-at="2026-05-01T15:47:55 IST" name="Default test" finished-at="2026-05-01T15:48:43 IST" duration-ms="48053">
      <class name="testAPI.PricingTest">
        <test-method is-config="true" signature="setup()[pri:0, instance:testAPI.PricingTest@5b202a3a]" started-at="2026-05-01T15:47:53 IST" name="setup" finished-at="2026-05-01T15:47:55 IST" duration-ms="1189" status="PASS">
          <reporter-output>
          </reporter-output>
        </test-method> <!-- setup -->
        <test-method signature="pricingTest(java.util.Map)[pri:0, instance:testAPI.PricingTest@5b202a3a]" started-at="2026-05-01T15:47:56 IST" name="pricingTest" data-provider="CustomerAPIData" finished-at="2026-05-01T15:48:35 IST" duration-ms="39172" status="PASS">
          <params>
            <param index="0">
              <value>
                <![CDATA[{destinationProvince=AB, =, stackable=TRUE, accessorial2Value=, accessorial2Code=, length=48, skidCount=3, CommodityNames=All Products, destinationCity=RED DEER, xDock=FALSE, pieces=3, accessorial3Code=, dimUoM=in, accessorial1Code=TG, accessorial3Value=, originCity=ORANGEVILLE, width=60, weightUoM=kg, custAccountId=481041, declaredWeight=800, accessorial1Value=DELIVERY, originProvince=ON, height=70}]]>
              </value>
            </param>
          </params>
          <reporter-output>
          </reporter-output>
        </test-method> <!-- pricingTest -->
        <test-method signature="pricingTest(java.util.Map)[pri:0, instance:testAPI.PricingTest@5b202a3a]" started-at="2026-05-01T15:47:56 IST" name="pricingTest" data-provider="CustomerAPIData" finished-at="2026-05-01T15:48:35 IST" duration-ms="39126" status="PASS">
          <params>
            <param index="0">
              <value>
                <![CDATA[{destinationProvince=ON, =, stackable=TRUE, accessorial2Value=DELIVERY, accessorial2Code=TG, length=48, skidCount=3, CommodityNames=All Products, destinationCity=LONDON, xDock=FALSE, pieces=3, accessorial3Code=PR, dimUoM=in, accessorial1Code=DG, accessorial3Value=DELIVERY, originCity=CALGARY, width=40, weightUoM=kg, custAccountId=492279, declaredWeight=4500, accessorial1Value=RAIL, originProvince=AB, height=70}]]>
              </value>
            </param>
          </params>
          <reporter-output>
          </reporter-output>
        </test-method> <!-- pricingTest -->
        <test-method signature="pricingTest(java.util.Map)[pri:0, instance:testAPI.PricingTest@5b202a3a]" started-at="2026-05-01T15:47:56 IST" name="pricingTest" data-provider="CustomerAPIData" finished-at="2026-05-01T15:48:35 IST" duration-ms="39095" status="PASS">
          <params>
            <param index="0">
              <value>
                <![CDATA[{destinationProvince=ON, =, stackable=TRUE, accessorial2Value=DELIVERY, accessorial2Code=TG, length=125, skidCount=1, CommodityNames=All Products, destinationCity=LONDON, xDock=FALSE, pieces=1, accessorial3Code=PR, dimUoM=in, accessorial1Code=DG, accessorial3Value=DELIVERY, originCity=CALGARY, width=20, weightUoM=kg, custAccountId=492279, declaredWeight=4500, accessorial1Value=RAIL, originProvince=AB, height=20}]]>
              </value>
            </param>
          </params>
          <reporter-output>
          </reporter-output>
        </test-method> <!-- pricingTest -->
        <test-method signature="pricingTest(java.util.Map)[pri:0, instance:testAPI.PricingTest@5b202a3a]" started-at="2026-05-01T15:47:56 IST" name="pricingTest" data-provider="CustomerAPIData" finished-at="2026-05-01T15:48:35 IST" duration-ms="38930" status="PASS">
          <params>
            <param index="0">
              <value>
                <![CDATA[{destinationProvince=AB, =, stackable=TRUE, accessorial2Value=DELIVERY, accessorial2Code=TG, length=148, skidCount=1, CommodityNames=All Products, destinationCity=CALGARY, xDock=FALSE, pieces=1, accessorial3Code=PR, dimUoM=in, accessorial1Code=DG, accessorial3Value=DELIVERY, originCity=TORONTO, width=48, weightUoM=kg, custAccountId=492279, declaredWeight=4500, accessorial1Value=RAIL, originProvince=ON, height=40}]]>
              </value>
            </param>
          </params>
          <reporter-output>
          </reporter-output>
        </test-method> <!-- pricingTest -->
        <test-method signature="pricingTest(java.util.Map)[pri:0, instance:testAPI.PricingTest@5b202a3a]" started-at="2026-05-01T15:47:56 IST" name="pricingTest" data-provider="CustomerAPIData" finished-at="2026-05-01T15:48:35 IST" duration-ms="39073" status="PASS">
          <params>
            <param index="0">
              <value>
                <![CDATA[{destinationProvince=AB, =, stackable=TRUE, accessorial2Value=DELIVERY, accessorial2Code=TG, length=48, skidCount=3, CommodityNames=BAKERY PRODUCTS , S/ FARINART - ST LIBOIRE, QC, destinationCity=CALGARY, xDock=FALSE, pieces=3, accessorial3Code=PR, dimUoM=in, accessorial1Code=DG, accessorial3Value=DELIVERY, originCity=SAINT-LIBOIRE, width=60, weightUoM=kg, custAccountId=450360, declaredWeight=800, accessorial1Value=RAIL, originProvince=QC, height=70}]]>
              </value>
            </param>
          </params>
          <reporter-output>
          </reporter-output>
        </test-method> <!-- pricingTest -->
        <test-method signature="pricingTest(java.util.Map)[pri:0, instance:testAPI.PricingTest@5b202a3a]" started-at="2026-05-01T15:47:56 IST" name="pricingTest" data-provider="CustomerAPIData" finished-at="2026-05-01T15:48:35 IST" duration-ms="38927" status="PASS">
          <params>
            <param index="0">
              <value>
                <![CDATA[{destinationProvince=NB, =, stackable=TRUE, accessorial2Value=DELIVERY, accessorial2Code=TG, length=48, skidCount=3, CommodityNames=MOTOR PARTS AND ACCCESSORIES,SHIPPER: KIMPEX INC -- DRUMMONDVILLE, QC, destinationCity=BALMORAL, xDock=FALSE, pieces=3, accessorial3Code=PR, dimUoM=in, accessorial1Code=DG, accessorial3Value=DELIVERY, originCity=DRUMMONDVILLE, width=40, weightUoM=kg, custAccountId=450360, declaredWeight=4500, accessorial1Value=RAIL, originProvince=QC, height=70}]]>
              </value>
            </param>
          </params>
          <reporter-output>
          </reporter-output>
        </test-method> <!-- pricingTest -->
        <test-method signature="pricingTest(java.util.Map)[pri:0, instance:testAPI.PricingTest@5b202a3a]" started-at="2026-05-01T15:47:56 IST" name="pricingTest" data-provider="CustomerAPIData" finished-at="2026-05-01T15:48:35 IST" duration-ms="38956" status="PASS">
          <params>
            <param index="0">
              <value>
                <![CDATA[{destinationProvince=AB, =, stackable=TRUE, accessorial2Value=, accessorial2Code=, length=48, skidCount=3, CommodityNames=FRATE EXPRESS, S/ GREENLINE, destinationCity=CALGARY, xDock=FALSE, pieces=3, accessorial3Code=, dimUoM=in, accessorial1Code=, accessorial3Value=, originCity=TORONTO, width=40, weightUoM=kg, custAccountId=450360, declaredWeight=4500, accessorial1Value=, originProvince=ON, height=70}]]>
              </value>
            </param>
          </params>
          <reporter-output>
          </reporter-output>
        </test-method> <!-- pricingTest -->
        <test-method signature="pricingTest(java.util.Map)[pri:0, instance:testAPI.PricingTest@5b202a3a]" started-at="2026-05-01T15:47:56 IST" name="pricingTest" data-provider="CustomerAPIData" finished-at="2026-05-01T15:48:35 IST" duration-ms="38896" status="PASS">
          <params>
            <param index="0">
              <value>
                <![CDATA[{destinationProvince=AB, =, stackable=TRUE, accessorial2Value=, accessorial2Code=, length=130, skidCount=1, CommodityNames=F.A.K, destinationCity=EDMONTON, xDock=FALSE, pieces=1, accessorial3Code=, dimUoM=in, accessorial1Code=, accessorial3Value=, originCity=TORONTO, width=40, weightUoM=kg, custAccountId=461313, declaredWeight=4500, accessorial1Value=, originProvince=ON, height=70}]]>
              </value>
            </param>
          </params>
          <reporter-output>
          </reporter-output>
        </test-method> <!-- pricingTest -->
        <test-method signature="pricingTest(java.util.Map)[pri:0, instance:testAPI.PricingTest@5b202a3a]" started-at="2026-05-01T15:47:56 IST" name="pricingTest" data-provider="CustomerAPIData" finished-at="2026-05-01T15:48:35 IST" duration-ms="39152" status="PASS">
          <params>
            <param index="0">
              <value>
                <![CDATA[{destinationProvince=SK, =, stackable=TRUE, accessorial2Value=DELIVERY, accessorial2Code=TG, length=70, skidCount=1, CommodityNames=F.A.K, destinationCity=REGINA, xDock=FALSE, pieces=1, accessorial3Code=PR, dimUoM=in, accessorial1Code=DG, accessorial3Value=DELIVERY, originCity=GUELPH, width=40, weightUoM=kg, custAccountId=479637, declaredWeight=5000, accessorial1Value=RAIL, originProvince=ON, height=60}]]>
              </value>
            </param>
          </params>
          <reporter-output>
          </reporter-output>
        </test-method> <!-- pricingTest -->
        <test-method signature="pricingTest(java.util.Map)[pri:0, instance:testAPI.PricingTest@5b202a3a]" started-at="2026-05-01T15:47:56 IST" name="pricingTest" data-provider="CustomerAPIData" finished-at="2026-05-01T15:48:35 IST" duration-ms="39037" status="PASS">
          <params>
            <param index="0">
              <value>
                <![CDATA[{destinationProvince=QC, =, stackable=TRUE, accessorial2Value=, accessorial2Code=, length=48, skidCount=2, CommodityNames=All Products, destinationCity=QUEBEC CITY, xDock=FALSE, pieces=2, accessorial3Code=, dimUoM=in, accessorial1Code=DG, accessorial3Value=, originCity=DELTA, width=145, weightUoM=kg, custAccountId=456725, declaredWeight=700, accessorial1Value=RAIL, originProvince=BC, height=70}]]>
              </value>
            </param>
          </params>
          <reporter-output>
          </reporter-output>
        </test-method> <!-- pricingTest -->
        <test-method signature="pricingTest(java.util.Map)[pri:0, instance:testAPI.PricingTest@5b202a3a]" started-at="2026-05-01T15:48:35 IST" name="pricingTest" data-provider="CustomerAPIData" finished-at="2026-05-01T15:48:43 IST" duration-ms="8082" status="PASS">
          <params>
            <param index="0">
              <value>
                <![CDATA[{destinationProvince=SK, =, stackable=TRUE, accessorial2Value=, accessorial2Code=, length=70, skidCount=1, CommodityNames=, destinationCity=REGINA, xDock=FALSE, pieces=1, accessorial3Code=, dimUoM=in, accessorial1Code=, accessorial3Value=, originCity=GUELPH, width=40, weightUoM=kg, custAccountId=479637, declaredWeight=5000, accessorial1Value=, originProvince=ON, height=60}]]>
              </value>
            </param>
          </params>
          <reporter-output>
          </reporter-output>
        </test-method> <!-- pricingTest -->
        <test-method signature="pricingTest(java.util.Map)[pri:0, instance:testAPI.PricingTest@5b202a3a]" started-at="2026-05-01T15:48:35 IST" name="pricingTest" data-provider="CustomerAPIData" finished-at="2026-05-01T15:48:43 IST" duration-ms="8050" status="PASS">
          <params>
            <param index="0">
              <value>
                <![CDATA[{destinationProvince=ON, =, stackable=TRUE, accessorial2Value=, accessorial2Code=, length=48, skidCount=3, CommodityNames=, destinationCity=LONDON, xDock=FALSE, pieces=3, accessorial3Code=, dimUoM=in, accessorial1Code=, accessorial3Value=, originCity=CALGARY, width=40, weightUoM=kg, custAccountId=492279, declaredWeight=4500, accessorial1Value=, originProvince=AB, height=70}]]>
              </value>
            </param>
          </params>
          <reporter-output>
          </reporter-output>
        </test-method> <!-- pricingTest -->
        <test-method is-config="true" signature="tearDown()[pri:0, instance:testAPI.PricingTest@5b202a3a]" started-at="2026-05-01T15:48:43 IST" name="tearDown" finished-at="2026-05-01T15:48:43 IST" duration-ms="604" status="FAIL">
          <exception class="java.lang.NoSuchMethodError">
            <message>
              <![CDATA['java.lang.String com.sun.mail.util.MimeUtil.cleanContentType(jakarta.mail.internet.MimePart, java.lang.String)']]>
            </message>
            <full-stacktrace>
              <![CDATA[java.lang.NoSuchMethodError: 'java.lang.String com.sun.mail.util.MimeUtil.cleanContentType(jakarta.mail.internet.MimePart, java.lang.String)'
at jakarta.mail.internet.MimeBodyPart.setFileName(MimeBodyPart.java:1327)
at jakarta.mail.internet.MimeBodyPart.setFileName(MimeBodyPart.java:553)
at jakarta.mail.internet.MimeBodyPart.attachFile(MimeBodyPart.java:817)
at utils.EmailUtil.sendReport(EmailUtil.java:45)
at base.BaseTest.tearDown(BaseTest.java:28)
at java.base/jdk.internal.reflect.NativeMethodAccessorImpl.invoke0(Native Method)
at java.base/jdk.internal.reflect.NativeMethodAccessorImpl.invoke(NativeMethodAccessorImpl.java:77)
at java.base/jdk.internal.reflect.DelegatingMethodAccessorImpl.invoke(DelegatingMethodAccessorImpl.java:43)
at java.base/java.lang.reflect.Method.invoke(Method.java:568)
at org.testng.internal.invokers.MethodInvocationHelper.invokeMethod(MethodInvocationHelper.java:139)
at org.testng.internal.invokers.MethodInvocationHelper.invokeMethodConsideringTimeout(MethodInvocationHelper.java:69)
at org.testng.internal.invokers.ConfigInvoker.invokeConfigurationMethod(ConfigInvoker.java:393)
at org.testng.internal.invokers.ConfigInvoker.invokeConfigurations(ConfigInvoker.java:326)
at org.testng.SuiteRunner.privateRun(SuiteRunner.java:410)
at org.testng.SuiteRunner.run(SuiteRunner.java:336)
at org.testng.SuiteRunnerWorker.runSuite(SuiteRunnerWorker.java:52)
at org.testng.SuiteRunnerWorker.run(SuiteRunnerWorker.java:95)
at org.testng.TestNG.runSuitesSequentially(TestNG.java:1301)
at org.testng.TestNG.runSuitesLocally(TestNG.java:1228)
at org.testng.TestNG.runSuites(TestNG.java:1134)
at org.testng.TestNG.run(TestNG.java:1101)
at org.testng.remote.AbstractRemoteTestNG.run(AbstractRemoteTestNG.java:115)
at org.testng.remote.RemoteTestNG.initAndRun(RemoteTestNG.java:293)
at org.testng.remote.RemoteTestNG.main(RemoteTestNG.java:91)
]]>
            </full-stacktrace>
          </exception> <!-- java.lang.NoSuchMethodError -->
          <reporter-output>
          </reporter-output>
        </test-method> <!-- tearDown -->
      </class> <!-- testAPI.PricingTest -->
    </test> <!-- Default test -->
  </suite> <!-- Default suite -->
</testng-results>
