<?xml version="1.0" encoding="UTF-8"?>
<!-- Generated by org.testng.reporters.JUnitReportReporter -->
<testsuite hostname="ANPL393" failures="0" tests="6" name="testAPI.PricingTest" time="167.838" errors="1" timestamp="2026-03-31T14:25:12 IST" skipped="0">
  <testcase classname="testAPI.PricingTest" name="pricingTest" time="33.383"/>
  <testcase classname="testAPI.PricingTest" name="pricingTest" time="33.528"/>
  <testcase classname="testAPI.PricingTest" name="pricingTest" time="33.383"/>
  <testcase classname="testAPI.PricingTest" name="tearDown" time="0.633">
    <error message="&#039;java.lang.String com.sun.mail.util.MimeUtil.cleanContentType(jakarta.mail.internet.MimePart, java.lang.String)&#039;" type="java.lang.NoSuchMethodError">
      <![CDATA[java.lang.NoSuchMethodError: 'java.lang.String com.sun.mail.util.MimeUtil.cleanContentType(jakarta.mail.internet.MimePart, java.lang.String)'
at jakarta.mail.internet.MimeBodyPart.setFileName(MimeBodyPart.java:1327)
at jakarta.mail.internet.MimeBodyPart.setFileName(MimeBodyPart.java:553)
at jakarta.mail.internet.MimeBodyPart.attachFile(MimeBodyPart.java:817)
at utils.EmailUtil.sendReport(EmailUtil.java:45)
at base.BaseTest.tearDown(BaseTest.java:28)
at java.base/jdk.internal.reflect.NativeMethodAccessorImpl.invoke0(Native Method)
at java.base/jdk.internal.reflect.NativeMethodAccessorImpl.invoke(NativeMethodAccessorImpl.java:77)
at java.base/jdk.internal.reflect.DelegatingMethodAccessorImpl.invoke(DelegatingMethodAccessorImpl.java:43)
at java.base/java.lang.reflect.Method.invoke(Method.java:568)
at org.testng.internal.invokers.MethodInvocationHelper.invokeMethod(MethodInvocationHelper.java:139)
at org.testng.internal.invokers.MethodInvocationHelper.invokeMethodConsideringTimeout(MethodInvocationHelper.java:69)
at org.testng.internal.invokers.ConfigInvoker.invokeConfigurationMethod(ConfigInvoker.java:393)
at org.testng.internal.invokers.ConfigInvoker.invokeConfigurations(ConfigInvoker.java:326)
at org.testng.SuiteRunner.privateRun(SuiteRunner.java:410)
at org.testng.SuiteRunner.run(SuiteRunner.java:336)
at org.testng.SuiteRunnerWorker.runSuite(SuiteRunnerWorker.java:52)
at org.testng.SuiteRunnerWorker.run(SuiteRunnerWorker.java:95)
at org.testng.TestNG.runSuitesSequentially(TestNG.java:1301)
at org.testng.TestNG.runSuitesLocally(TestNG.java:1228)
at org.testng.TestNG.runSuites(TestNG.java:1134)
at org.testng.TestNG.run(TestNG.java:1101)
at org.testng.remote.AbstractRemoteTestNG.run(AbstractRemoteTestNG.java:115)
at org.testng.remote.RemoteTestNG.initAndRun(RemoteTestNG.java:293)
at org.testng.remote.RemoteTestNG.main(RemoteTestNG.java:91)
]]>
    </error>
  </testcase> <!-- tearDown -->
  <testcase classname="testAPI.PricingTest" name="pricingTest" time="33.528"/>
  <testcase classname="testAPI.PricingTest" name="pricingTest" time="33.383"/>
</testsuite> <!-- testAPI.PricingTest -->
