<?xml version="1.0" encoding="UTF-8"?>
<!-- Generated by org.testng.reporters.JUnitReportReporter -->
<testsuite hostname="ANPL393" failures="3" tests="13" name="testAPI.PricingTest" time="255.157" errors="1" timestamp="2026-04-21T12:13:06 IST" skipped="0">
  <testcase classname="testAPI.PricingTest" name="pricingTest" time="8.762"/>
  <testcase classname="testAPI.PricingTest" name="pricingTest" time="23.143"/>
  <testcase classname="testAPI.PricingTest" name="pricingTest" time="23.176"/>
  <testcase classname="testAPI.PricingTest" name="pricingTest" time="25.757"/>
  <testcase classname="testAPI.PricingTest" name="pricingTest" time="23.142"/>
  <testcase classname="testAPI.PricingTest" name="pricingTest" time="21.693">
    <failure message="Expected success but got error response" type="java.lang.AssertionError">
      <![CDATA[java.lang.AssertionError: Expected success but got error response
at org.testng.Assert.fail(Assert.java:111)
at validators.PricingValidator.failValidation(PricingValidator.java:54)
at validators.PricingValidator.validateSuccess(PricingValidator.java:18)
at testAPI.PricingTest.pricingTest(PricingTest.java:51)
at java.base/jdk.internal.reflect.NativeMethodAccessorImpl.invoke0(Native Method)
at java.base/jdk.internal.reflect.NativeMethodAccessorImpl.invoke(NativeMethodAccessorImpl.java:77)
at java.base/jdk.internal.reflect.DelegatingMethodAccessorImpl.invoke(DelegatingMethodAccessorImpl.java:43)
at java.base/java.lang.reflect.Method.invoke(Method.java:568)
at org.testng.internal.invokers.MethodInvocationHelper.invokeMethod(MethodInvocationHelper.java:139)
at org.testng.internal.invokers.TestInvoker.invokeMethod(TestInvoker.java:664)
at org.testng.internal.invokers.TestInvoker.invokeTestMethod(TestInvoker.java:228)
at org.testng.internal.invokers.TestMethodWithDataProviderMethodWorker.call(TestMethodWithDataProviderMethodWorker.java:80)
at java.base/java.util.concurrent.CompletableFuture$AsyncSupply.run(CompletableFuture.java:1768)
at java.base/java.util.concurrent.ThreadPoolExecutor.runWorker(ThreadPoolExecutor.java:1136)
at java.base/java.util.concurrent.ThreadPoolExecutor$Worker.run(ThreadPoolExecutor.java:635)
at java.base/java.lang.Thread.run(Thread.java:842)
]]>
    </failure>
  </testcase> <!-- pricingTest -->
  <testcase classname="testAPI.PricingTest" name="pricingTest" time="27.553"/>
  <testcase classname="testAPI.PricingTest" name="pricingTest" time="9.161"/>
  <testcase classname="testAPI.PricingTest" name="pricingTest" time="24.897"/>
  <testcase classname="testAPI.PricingTest" name="pricingTest" time="20.728">
    <failure message="Expected success but got error response" type="java.lang.AssertionError">
      <![CDATA[java.lang.AssertionError: Expected success but got error response
at org.testng.Assert.fail(Assert.java:111)
at validators.PricingValidator.failValidation(PricingValidator.java:54)
at validators.PricingValidator.validateSuccess(PricingValidator.java:18)
at testAPI.PricingTest.pricingTest(PricingTest.java:51)
at java.base/jdk.internal.reflect.NativeMethodAccessorImpl.invoke0(Native Method)
at java.base/jdk.internal.reflect.NativeMethodAccessorImpl.invoke(NativeMethodAccessorImpl.java:77)
at java.base/jdk.internal.reflect.DelegatingMethodAccessorImpl.invoke(DelegatingMethodAccessorImpl.java:43)
at java.base/java.lang.reflect.Method.invoke(Method.java:568)
at org.testng.internal.invokers.MethodInvocationHelper.invokeMethod(MethodInvocationHelper.java:139)
at org.testng.internal.invokers.TestInvoker.invokeMethod(TestInvoker.java:664)
at org.testng.internal.invokers.TestInvoker.invokeTestMethod(TestInvoker.java:228)
at org.testng.internal.invokers.TestMethodWithDataProviderMethodWorker.call(TestMethodWithDataProviderMethodWorker.java:80)
at java.base/java.util.concurrent.CompletableFuture$AsyncSupply.run(CompletableFuture.java:1768)
at java.base/java.util.concurrent.ThreadPoolExecutor.runWorker(ThreadPoolExecutor.java:1136)
at java.base/java.util.concurrent.ThreadPoolExecutor$Worker.run(ThreadPoolExecutor.java:635)
at java.base/java.lang.Thread.run(Thread.java:842)
]]>
    </failure>
  </testcase> <!-- pricingTest -->
  <testcase classname="testAPI.PricingTest" name="tearDown" time="0.471">
    <error message="&#039;java.lang.String com.sun.mail.util.MimeUtil.cleanContentType(jakarta.mail.internet.MimePart, java.lang.String)&#039;" type="java.lang.NoSuchMethodError">
      <![CDATA[java.lang.NoSuchMethodError: 'java.lang.String com.sun.mail.util.MimeUtil.cleanContentType(jakarta.mail.internet.MimePart, java.lang.String)'
at jakarta.mail.internet.MimeBodyPart.setFileName(MimeBodyPart.java:1327)
at jakarta.mail.internet.MimeBodyPart.setFileName(MimeBodyPart.java:553)
at jakarta.mail.internet.MimeBodyPart.attachFile(MimeBodyPart.java:817)
at utils.EmailUtil.sendReport(EmailUtil.java:45)
at base.BaseTest.tearDown(BaseTest.java:28)
at java.base/jdk.internal.reflect.NativeMethodAccessorImpl.invoke0(Native Method)
at java.base/jdk.internal.reflect.NativeMethodAccessorImpl.invoke(NativeMethodAccessorImpl.java:77)
at java.base/jdk.internal.reflect.DelegatingMethodAccessorImpl.invoke(DelegatingMethodAccessorImpl.java:43)
at java.base/java.lang.reflect.Method.invoke(Method.java:568)
at org.testng.internal.invokers.MethodInvocationHelper.invokeMethod(MethodInvocationHelper.java:139)
at org.testng.internal.invokers.MethodInvocationHelper.invokeMethodConsideringTimeout(MethodInvocationHelper.java:69)
at org.testng.internal.invokers.ConfigInvoker.invokeConfigurationMethod(ConfigInvoker.java:393)
at org.testng.internal.invokers.ConfigInvoker.invokeConfigurations(ConfigInvoker.java:326)
at org.testng.SuiteRunner.privateRun(SuiteRunner.java:410)
at org.testng.SuiteRunner.run(SuiteRunner.java:336)
at org.testng.SuiteRunnerWorker.runSuite(SuiteRunnerWorker.java:52)
at org.testng.SuiteRunnerWorker.run(SuiteRunnerWorker.java:95)
at org.testng.TestNG.runSuitesSequentially(TestNG.java:1301)
at org.testng.TestNG.runSuitesLocally(TestNG.java:1228)
at org.testng.TestNG.runSuites(TestNG.java:1134)
at org.testng.TestNG.run(TestNG.java:1101)
at org.testng.remote.AbstractRemoteTestNG.run(AbstractRemoteTestNG.java:115)
at org.testng.remote.RemoteTestNG.initAndRun(RemoteTestNG.java:293)
at org.testng.remote.RemoteTestNG.main(RemoteTestNG.java:91)
]]>
    </error>
  </testcase> <!-- tearDown -->
  <testcase classname="testAPI.PricingTest" name="pricingTest" time="23.272"/>
  <testcase classname="testAPI.PricingTest" name="pricingTest" time="23.402">
    <failure message="Expected success but got error response" type="java.lang.AssertionError">
      <![CDATA[java.lang.AssertionError: Expected success but got error response
at org.testng.Assert.fail(Assert.java:111)
at validators.PricingValidator.failValidation(PricingValidator.java:54)
at validators.PricingValidator.validateSuccess(PricingValidator.java:18)
at testAPI.PricingTest.pricingTest(PricingTest.java:51)
at java.base/jdk.internal.reflect.NativeMethodAccessorImpl.invoke0(Native Method)
at java.base/jdk.internal.reflect.NativeMethodAccessorImpl.invoke(NativeMethodAccessorImpl.java:77)
at java.base/jdk.internal.reflect.DelegatingMethodAccessorImpl.invoke(DelegatingMethodAccessorImpl.java:43)
at java.base/java.lang.reflect.Method.invoke(Method.java:568)
at org.testng.internal.invokers.MethodInvocationHelper.invokeMethod(MethodInvocationHelper.java:139)
at org.testng.internal.invokers.TestInvoker.invokeMethod(TestInvoker.java:664)
at org.testng.internal.invokers.TestInvoker.invokeTestMethod(TestInvoker.java:228)
at org.testng.internal.invokers.TestMethodWithDataProviderMethodWorker.call(TestMethodWithDataProviderMethodWorker.java:80)
at java.base/java.util.concurrent.CompletableFuture$AsyncSupply.run(CompletableFuture.java:1768)
at java.base/java.util.concurrent.ThreadPoolExecutor.runWorker(ThreadPoolExecutor.java:1136)
at java.base/java.util.concurrent.ThreadPoolExecutor$Worker.run(ThreadPoolExecutor.java:635)
at java.base/java.lang.Thread.run(Thread.java:842)
]]>
    </failure>
  </testcase> <!-- pricingTest -->
</testsuite> <!-- testAPI.PricingTest -->
